[35m[1mScanning dependencies of target geometry_msgs_generate_messages_py[0m
[35m[1mScanning dependencies of target std_msgs_generate_messages_py[0m
[35m[1mScanning dependencies of target _darknet_ros_msgs_generate_messages_check_deps_BoundingBox[0m
[35m[1mScanning dependencies of target _darknet_ros_msgs_generate_messages_check_deps_CheckForObjectsResult[0m
[35m[1mScanning dependencies of target _darknet_ros_msgs_generate_messages_check_deps_CheckForObjectsAction[0m
[35m[1mScanning dependencies of target _darknet_ros_msgs_generate_messages_check_deps_CheckForObjectsActionResult[0m
[35m[1mScanning dependencies of target actionlib_msgs_generate_messages_py[0m
[35m[1mScanning dependencies of target _darknet_ros_msgs_generate_messages_check_deps_BoundingBoxes[0m
[  0%] Built target geometry_msgs_generate_messages_py
[  0%] Built target actionlib_msgs_generate_messages_py
[  0%] Built target std_msgs_generate_messages_py
[35m[1mScanning dependencies of target sensor_msgs_generate_messages_py[0m
[35m[1mScanning dependencies of target _darknet_ros_msgs_generate_messages_check_deps_CheckForObjectsFeedback[0m
[35m[1mScanning dependencies of target _darknet_ros_msgs_generate_messages_check_deps_CheckForObjectsGoal[0m
[  0%] Built target _darknet_ros_msgs_generate_messages_check_deps_BoundingBox
[  0%] Built target sensor_msgs_generate_messages_py
[  0%] Built target _darknet_ros_msgs_generate_messages_check_deps_CheckForObjectsAction
[  0%] Built target _darknet_ros_msgs_generate_messages_check_deps_CheckForObjectsActionResult
[35m[1mScanning dependencies of target _darknet_ros_msgs_generate_messages_check_deps_CheckForObjectsActionGoal[0m
[35m[1mScanning dependencies of target _darknet_ros_msgs_generate_messages_check_deps_CheckForObjectsActionFeedback[0m
[  0%] Built target _darknet_ros_msgs_generate_messages_check_deps_CheckForObjectsResult
[35m[1mScanning dependencies of target geometry_msgs_generate_messages_nodejs[0m
[  0%] Built target _darknet_ros_msgs_generate_messages_check_deps_BoundingBoxes
[35m[1mScanning dependencies of target actionlib_msgs_generate_messages_nodejs[0m
[35m[1mScanning dependencies of target std_msgs_generate_messages_nodejs[0m
[  0%] Built target _darknet_ros_msgs_generate_messages_check_deps_CheckForObjectsFeedback
[  0%] Built target _darknet_ros_msgs_generate_messages_check_deps_CheckForObjectsGoal
[  0%] Built target geometry_msgs_generate_messages_nodejs
[35m[1mScanning dependencies of target sensor_msgs_generate_messages_nodejs[0m
[  0%] Built target std_msgs_generate_messages_nodejs
[  0%] Built target actionlib_msgs_generate_messages_nodejs
[35m[1mScanning dependencies of target std_msgs_generate_messages_lisp[0m
[35m[1mScanning dependencies of target geometry_msgs_generate_messages_lisp[0m
[35m[1mScanning dependencies of target sensor_msgs_generate_messages_lisp[0m
[  0%] Built target sensor_msgs_generate_messages_nodejs
[35m[1mScanning dependencies of target actionlib_msgs_generate_messages_lisp[0m
[  0%] Built target std_msgs_generate_messages_lisp
[35m[1mScanning dependencies of target sensor_msgs_generate_messages_cpp[0m
[  0%] Built target geometry_msgs_generate_messages_lisp
[  0%] Built target sensor_msgs_generate_messages_lisp
[35m[1mScanning dependencies of target geometry_msgs_generate_messages_cpp[0m
[  0%] Built target _darknet_ros_msgs_generate_messages_check_deps_CheckForObjectsActionGoal
[  0%] Built target actionlib_msgs_generate_messages_lisp
[  0%] Built target _darknet_ros_msgs_generate_messages_check_deps_CheckForObjectsActionFeedback
[35m[1mScanning dependencies of target actionlib_msgs_generate_messages_cpp[0m
[  0%] Built target sensor_msgs_generate_messages_cpp
[35m[1mScanning dependencies of target std_msgs_generate_messages_cpp[0m
[35m[1mScanning dependencies of target geometry_msgs_generate_messages_eus[0m
[  0%] Built target geometry_msgs_generate_messages_cpp
[35m[1mScanning dependencies of target std_msgs_generate_messages_eus[0m
[35m[1mScanning dependencies of target sensor_msgs_generate_messages_eus[0m
[  0%] Built target actionlib_msgs_generate_messages_cpp
[35m[1mScanning dependencies of target actionlib_msgs_generate_messages_eus[0m
[  0%] Built target std_msgs_generate_messages_cpp
[  0%] Built target geometry_msgs_generate_messages_eus
[35m[1mScanning dependencies of target darknet_ros_msgs_generate_messages_nodejs[0m
[  0%] Built target std_msgs_generate_messages_eus
[35m[1mScanning dependencies of target darknet_ros_msgs_generate_messages_py[0m
[  0%] Built target sensor_msgs_generate_messages_eus
[  0%] Built target actionlib_msgs_generate_messages_eus
[35m[1mScanning dependencies of target darknet_ros_msgs_generate_messages_lisp[0m
[  4%] [34m[1mGenerating Javascript code from darknet_ros_msgs/CheckForObjectsFeedback.msg[0m
[  4%] [34m[1mGenerating Javascript code from darknet_ros_msgs/CheckForObjectsActionGoal.msg[0m
[  6%] [34m[1mGenerating Javascript code from darknet_ros_msgs/BoundingBox.msg[0m
[35m[1mScanning dependencies of target darknet_ros_msgs_generate_messages_cpp[0m
[  8%] [34m[1mGenerating Javascript code from darknet_ros_msgs/CheckForObjectsResult.msg[0m
[35m[1mScanning dependencies of target darknet_ros_msgs_generate_messages_eus[0m
[ 10%] [34m[1mGenerating Python from MSG darknet_ros_msgs/CheckForObjectsFeedback[0m
[ 12%] [34m[1mGenerating Lisp code from darknet_ros_msgs/CheckForObjectsFeedback.msg[0m
[ 14%] [34m[1mGenerating C++ code from darknet_ros_msgs/CheckForObjectsFeedback.msg[0m
[ 17%] [34m[1mGenerating EusLisp code from darknet_ros_msgs/CheckForObjectsFeedback.msg[0m
[ 19%] [34m[1mGenerating EusLisp code from darknet_ros_msgs/CheckForObjectsActionGoal.msg[0m
[ 21%] [34m[1mGenerating EusLisp code from darknet_ros_msgs/BoundingBox.msg[0m
[ 23%] [34m[1mGenerating Python from MSG darknet_ros_msgs/CheckForObjectsActionGoal[0m
[ 27%] [34m[1mGenerating Lisp code from darknet_ros_msgs/CheckForObjectsActionGoal.msg[0m
[ 27%] [34m[1mGenerating Javascript code from darknet_ros_msgs/CheckForObjectsActionResult.msg[0m
[ 29%] [34m[1mGenerating Javascript code from darknet_ros_msgs/CheckForObjectsGoal.msg[0m
[ 31%] [34m[1mGenerating Lisp code from darknet_ros_msgs/BoundingBox.msg[0m
[ 34%] [34m[1mGenerating EusLisp code from darknet_ros_msgs/CheckForObjectsResult.msg[0m
[ 36%] [34m[1mGenerating C++ code from darknet_ros_msgs/CheckForObjectsActionGoal.msg[0m
[ 38%] [34m[1mGenerating C++ code from darknet_ros_msgs/BoundingBox.msg[0m
[ 40%] [34m[1mGenerating Python from MSG darknet_ros_msgs/BoundingBox[0m
[ 42%] [34m[1mGenerating Javascript code from darknet_ros_msgs/CheckForObjectsAction.msg[0m
[ 44%] [34m[1mGenerating Lisp code from darknet_ros_msgs/CheckForObjectsResult.msg[0m
[ 46%] [34m[1mGenerating C++ code from darknet_ros_msgs/CheckForObjectsResult.msg[0m
[ 48%] [34m[1mGenerating EusLisp code from darknet_ros_msgs/CheckForObjectsActionResult.msg[0m
[ 51%] [34m[1mGenerating C++ code from darknet_ros_msgs/CheckForObjectsActionResult.msg[0m
[ 53%] [34m[1mGenerating Lisp code from darknet_ros_msgs/CheckForObjectsActionResult.msg[0m
[ 55%] [34m[1mGenerating Javascript code from darknet_ros_msgs/CheckForObjectsActionFeedback.msg[0m
[ 57%] [34m[1mGenerating EusLisp code from darknet_ros_msgs/CheckForObjectsGoal.msg[0m
[ 59%] [34m[1mGenerating Python from MSG darknet_ros_msgs/CheckForObjectsResult[0m
[ 61%] [34m[1mGenerating Lisp code from darknet_ros_msgs/CheckForObjectsGoal.msg[0m
[ 63%] [34m[1mGenerating Javascript code from darknet_ros_msgs/BoundingBoxes.msg[0m
[ 65%] [34m[1mGenerating C++ code from darknet_ros_msgs/CheckForObjectsGoal.msg[0m
[ 68%] [34m[1mGenerating C++ code from darknet_ros_msgs/CheckForObjectsAction.msg[0m
[ 70%] [34m[1mGenerating EusLisp code from darknet_ros_msgs/CheckForObjectsAction.msg[0m
[ 72%] [34m[1mGenerating Lisp code from darknet_ros_msgs/CheckForObjectsAction.msg[0m
[ 74%] [34m[1mGenerating EusLisp code from darknet_ros_msgs/CheckForObjectsActionFeedback.msg[0m
[ 74%] Built target darknet_ros_msgs_generate_messages_nodejs
[ 76%] [34m[1mGenerating EusLisp code from darknet_ros_msgs/BoundingBoxes.msg[0m
[ 78%] [34m[1mGenerating C++ code from darknet_ros_msgs/CheckForObjectsActionFeedback.msg[0m
[ 80%] [34m[1mGenerating Python from MSG darknet_ros_msgs/CheckForObjectsActionResult[0m
[ 82%] [34m[1mGenerating Lisp code from darknet_ros_msgs/CheckForObjectsActionFeedback.msg[0m
[ 85%] [34m[1mGenerating EusLisp manifest code for darknet_ros_msgs[0m
[ 87%] [34m[1mGenerating Python from MSG darknet_ros_msgs/CheckForObjectsGoal[0m
[ 89%] [34m[1mGenerating Lisp code from darknet_ros_msgs/BoundingBoxes.msg[0m
[ 91%] [34m[1mGenerating C++ code from darknet_ros_msgs/BoundingBoxes.msg[0m
[ 93%] [34m[1mGenerating Python from MSG darknet_ros_msgs/CheckForObjectsAction[0m
[ 95%] [34m[1mGenerating Python from MSG darknet_ros_msgs/CheckForObjectsActionFeedback[0m
[ 95%] Built target darknet_ros_msgs_generate_messages_lisp
[ 97%] [34m[1mGenerating Python from MSG darknet_ros_msgs/BoundingBoxes[0m
[ 97%] Built target darknet_ros_msgs_generate_messages_cpp
[100%] [34m[1mGenerating Python msg __init__.py for darknet_ros_msgs[0m
[100%] Built target darknet_ros_msgs_generate_messages_py
[100%] Built target darknet_ros_msgs_generate_messages_eus
[35m[1mScanning dependencies of target darknet_ros_msgs_generate_messages[0m
[100%] Built target darknet_ros_msgs_generate_messages
