Not searching for unused variables given on the command line.
[36m--[0m The C compiler identification is GNU 5.4.0
[36m--[0m The CXX compiler identification is GNU 5.4.0
[36m--[0m Check for working C compiler: /usr/bin/cc
[36m--[0m Check for working C compiler: /usr/bin/cc -- works
[36m--[0m Detecting C compiler ABI info
[36m--[0m Detecting C compiler ABI info - done
[36m--[0m Detecting C compile features
[36m--[0m Detecting C compile features - done
[36m--[0m Check for working CXX compiler: /usr/bin/c++
[36m--[0m Check for working CXX compiler: /usr/bin/c++ -- works
[36m--[0m Detecting CXX compiler ABI info
[36m--[0m Detecting CXX compiler ABI info - done
[36m--[0m Detecting CXX compile features
[36m--[0m Detecting CXX compile features - done
 [34m[START] Searching darknet path...
 [33m-----Darknet path dir = /home/inavarro/Desktop/workspace/VantTEC-CV/DarknetROS/src/darknet_ros/darknet
 [36m[DONE]
 [34m[START] Searching for CUDA...
[36m--[0m Looking for pthread.h
[36m--[0m Looking for pthread.h - found
[36m--[0m Looking for pthread_create
[36m--[0m Looking for pthread_create - not found
[36m--[0m Looking for pthread_create in pthreads
[36m--[0m Looking for pthread_create in pthreads - not found
[36m--[0m Looking for pthread_create in pthread
[36m--[0m Looking for pthread_create in pthread - found
[36m--[0m Found Threads: TRUE
[36m--[0m Found CUDA: /usr/local/cuda-8.0 (found version "8.0")
[36m--[0m [33m----- CUDA Version:
[36m--[0m [33m----- CUDA Libraries: /usr/local/cuda-8.0/lib64/libcudart_static.a;-lpthread;dl;/usr/lib/x86_64-linux-gnu/librt.so
 [36m[DONE]
 [34m[START] Searching for X11...
[36m--[0m Looking for XOpenDisplay in /usr/lib/x86_64-linux-gnu/libX11.so;/usr/lib/x86_64-linux-gnu/libXext.so
[36m--[0m Looking for XOpenDisplay in /usr/lib/x86_64-linux-gnu/libX11.so;/usr/lib/x86_64-linux-gnu/libXext.so - found
[36m--[0m Looking for gethostbyname
[36m--[0m Looking for gethostbyname - found
[36m--[0m Looking for connect
[36m--[0m Looking for connect - found
[36m--[0m Looking for remove
[36m--[0m Looking for remove - found
[36m--[0m Looking for shmat
[36m--[0m Looking for shmat - found
[36m--[0m Looking for IceConnectionNumber in ICE
[36m--[0m Looking for IceConnectionNumber in ICE - found
[36m--[0m Found X11: /usr/lib/x86_64-linux-gnu/libX11.so
[36m--[0m [33m----- X11 path: /usr/include
[36m--[0m [33m----- X11 libraries: /usr/lib/x86_64-linux-gnu/libSM.so;/usr/lib/x86_64-linux-gnu/libICE.so;/usr/lib/x86_64-linux-gnu/libX11.so;/usr/lib/x86_64-linux-gnu/libXext.so
 [36m[DONE]
 [34m[START] Searching for Boost...
[36m--[0m Boost version: 1.58.0
[36m--[0m Found the following Boost libraries:
[36m--[0m   thread
[36m--[0m   chrono
[36m--[0m   system
[36m--[0m   date_time
[36m--[0m   atomic
 [36m[DONE]
 [34m[START] Searching for OpenCV...
[36m--[0m Found OpenCV: /opt/ros/kinetic (found version "3.3.1")
[36m--[0m [33m----- OpenCV dirs: /opt/ros/kinetic/include/opencv-3.3.1-dev;/opt/ros/kinetic/include/opencv-3.3.1-dev/opencv
[36m--[0m [33m----- Enable OpenCV for darknet...
 [36m[DONE]
 [34m[START] Searching for catkin...
[36m--[0m Using CATKIN_DEVEL_PREFIX: /home/inavarro/Desktop/workspace/VantTEC-CV/DarknetROS/devel/.private/darknet_ros
[36m--[0m Using CMAKE_PREFIX_PATH: /home/inavarro/Desktop/workspace/VantTEC-CV/DarknetROS/devel;/opt/ros/kinetic
[36m--[0m This workspace overlays: /home/inavarro/Desktop/workspace/VantTEC-CV/DarknetROS/devel;/opt/ros/kinetic
[36m--[0m Found PythonInterp: /usr/bin/python (found version "2.7.12")
[36m--[0m Using PYTHON_EXECUTABLE: /usr/bin/python
[36m--[0m Using Debian Python package layout
[36m--[0m Using empy: /usr/bin/empy
[36m--[0m Using CATKIN_ENABLE_TESTING: ON
[36m--[0m Call enable_testing()
[36m--[0m Using CATKIN_TEST_RESULTS_DIR: /home/inavarro/Desktop/workspace/VantTEC-CV/DarknetROS/build/darknet_ros/test_results
[36m--[0m Found gmock sources under '/usr/src/gmock': gmock will be built
[36m--[0m Found gtest sources under '/usr/src/gmock': gtests will be built
[36m--[0m Using Python nosetests: /usr/bin/nosetests-2.7
[36m--[0m catkin 0.7.14
[36m--[0m Using these message generators: gencpp;geneus;genlisp;gennodejs;genpy
 [36m[DONE]
 [34m[START] Catkin configuration...
 [36m[DONE]
 [34m[START] Building project...
 [32m Include directories...
 [32mLink libraries...
 [33mUsing CUDA...
 [35m YES.
 [33m-----Link CUDA directories.
 [33m-----Link target libraries to project.
 [33m-----Add CUDA executable.
 [36m[DONE]
 [34m[START] Installing...
 [36m[DONE]
[36m--[0m  [34m[START] Checking and downloading yolov2-tiny.weights if needed ...
[36m--[0m Checking and downloading yolov3.weights if needed ...
 [35mAlready downloaded yolov2-tiny.weights.
 [35mAlready downloaded yolov3.weights.
[36m--[0m  [34m[START] Run test...
[36m--[0m Checking and downloading yolov2.weights if needed ...
 [36m[DONE]
[36m--[0m Configuring done
[36m--[0m Generating done
[36m--[0m Build files have been written to: /home/inavarro/Desktop/workspace/VantTEC-CV/DarknetROS/build/darknet_ros
