 [34m[START] Searching darknet path...
 [33m-----Darknet path dir = /home/inavarro/Desktop/workspace/VantTEC-CV/DarknetROS/src/darknet_ros/darknet
 [36m[DONE]
 [34m[START] Searching for CUDA...
 [36m[DONE]
 [34m[START] Searching for X11...
 [36m[DONE]
 [34m[START] Searching for Boost...
 [36m[DONE]
 [34m[START] Searching for OpenCV...
 [36m[DONE]
 [34m[START] Searching for catkin...
 [36m[DONE]
 [34m[START] Catkin configuration...
 [36m[DONE]
 [34m[START] Building project...
 [32m Include directories...
 [32m Link libraries...
 [33m-----Using CUDA...
 [35m-----------YES.
 [33m-----Link CUDA directories.
 [33m-----Link target libraries to project.
 [33m-----Add CUDA executable.
 [36m[DONE]
 [34m[START] Installing...
 [36m[DONE]
 [35m-----Already downloaded yolov2-tiny.weights.
 [35m-----Already downloaded yolov3.weights.
 [36m[DONE]
