[01m[K/home/inavarro/Desktop/workspace/VantTEC-CV/DarknetROS/src/darknet_ros/darknet/src/image.c:[m[K In function ‘[01m[Kload_image_cv[m[K’:
[01m[K/home/inavarro/Desktop/workspace/VantTEC-CV/DarknetROS/src/darknet_ros/darknet/src/image.c:636:9:[m[K [01;35m[Kwarning: [m[Kignoring return value of ‘[01m[Ksystem[m[K’, declared with attribute warn_unused_result [-Wunused-result]
         system(buff);
[01;32m[K         ^[m[K
[01m[K/home/inavarro/Desktop/workspace/VantTEC-CV/DarknetROS/src/darknet_ros/darknet/src/parser.c:[m[K In function ‘[01m[Kload_connected_weights[m[K’:
[01m[K/home/inavarro/Desktop/workspace/VantTEC-CV/DarknetROS/src/darknet_ros/darknet/src/parser.c:1085:5:[m[K [01;35m[Kwarning: [m[Kignoring return value of ‘[01m[Kfread[m[K’, declared with attribute warn_unused_result [-Wunused-result]
     fread(l.biases, sizeof(float), l.outputs, fp);
[01;32m[K     ^[m[K
[01m[K/home/inavarro/Desktop/workspace/VantTEC-CV/DarknetROS/src/darknet_ros/darknet/src/parser.c:1086:5:[m[K [01;35m[Kwarning: [m[Kignoring return value of ‘[01m[Kfread[m[K’, declared with attribute warn_unused_result [-Wunused-result]
     fread(l.weights, sizeof(float), l.outputs*l.inputs, fp);
[01;32m[K     ^[m[K
[01m[K/home/inavarro/Desktop/workspace/VantTEC-CV/DarknetROS/src/darknet_ros/darknet/src/parser.c:1093:9:[m[K [01;35m[Kwarning: [m[Kignoring return value of ‘[01m[Kfread[m[K’, declared with attribute warn_unused_result [-Wunused-result]
         fread(l.scales, sizeof(float), l.outputs, fp);
[01;32m[K         ^[m[K
[01m[K/home/inavarro/Desktop/workspace/VantTEC-CV/DarknetROS/src/darknet_ros/darknet/src/parser.c:1094:9:[m[K [01;35m[Kwarning: [m[Kignoring return value of ‘[01m[Kfread[m[K’, declared with attribute warn_unused_result [-Wunused-result]
         fread(l.rolling_mean, sizeof(float), l.outputs, fp);
[01;32m[K         ^[m[K
[01m[K/home/inavarro/Desktop/workspace/VantTEC-CV/DarknetROS/src/darknet_ros/darknet/src/parser.c:1095:9:[m[K [01;35m[Kwarning: [m[Kignoring return value of ‘[01m[Kfread[m[K’, declared with attribute warn_unused_result [-Wunused-result]
         fread(l.rolling_variance, sizeof(float), l.outputs, fp);
[01;32m[K         ^[m[K
[01m[K/home/inavarro/Desktop/workspace/VantTEC-CV/DarknetROS/src/darknet_ros/darknet/src/parser.c:[m[K In function ‘[01m[Kload_batchnorm_weights[m[K’:
[01m[K/home/inavarro/Desktop/workspace/VantTEC-CV/DarknetROS/src/darknet_ros/darknet/src/parser.c:1109:5:[m[K [01;35m[Kwarning: [m[Kignoring return value of ‘[01m[Kfread[m[K’, declared with attribute warn_unused_result [-Wunused-result]
     fread(l.scales, sizeof(float), l.c, fp);
[01;32m[K     ^[m[K
[01m[K/home/inavarro/Desktop/workspace/VantTEC-CV/DarknetROS/src/darknet_ros/darknet/src/parser.c:1110:5:[m[K [01;35m[Kwarning: [m[Kignoring return value of ‘[01m[Kfread[m[K’, declared with attribute warn_unused_result [-Wunused-result]
     fread(l.rolling_mean, sizeof(float), l.c, fp);
[01;32m[K     ^[m[K
[01m[K/home/inavarro/Desktop/workspace/VantTEC-CV/DarknetROS/src/darknet_ros/darknet/src/parser.c:1111:5:[m[K [01;35m[Kwarning: [m[Kignoring return value of ‘[01m[Kfread[m[K’, declared with attribute warn_unused_result [-Wunused-result]
     fread(l.rolling_variance, sizeof(float), l.c, fp);
[01;32m[K     ^[m[K
[01m[K/home/inavarro/Desktop/workspace/VantTEC-CV/DarknetROS/src/darknet_ros/darknet/src/parser.c:[m[K In function ‘[01m[Kload_convolutional_weights_binary[m[K’:
[01m[K/home/inavarro/Desktop/workspace/VantTEC-CV/DarknetROS/src/darknet_ros/darknet/src/parser.c:1121:5:[m[K [01;35m[Kwarning: [m[Kignoring return value of ‘[01m[Kfread[m[K’, declared with attribute warn_unused_result [-Wunused-result]
     fread(l.biases, sizeof(float), l.n, fp);
[01;32m[K     ^[m[K
[01m[K/home/inavarro/Desktop/workspace/VantTEC-CV/DarknetROS/src/darknet_ros/darknet/src/parser.c:1123:9:[m[K [01;35m[Kwarning: [m[Kignoring return value of ‘[01m[Kfread[m[K’, declared with attribute warn_unused_result [-Wunused-result]
         fread(l.scales, sizeof(float), l.n, fp);
[01;32m[K         ^[m[K
[01m[K/home/inavarro/Desktop/workspace/VantTEC-CV/DarknetROS/src/darknet_ros/darknet/src/parser.c:1124:9:[m[K [01;35m[Kwarning: [m[Kignoring return value of ‘[01m[Kfread[m[K’, declared with attribute warn_unused_result [-Wunused-result]
         fread(l.rolling_mean, sizeof(float), l.n, fp);
[01;32m[K         ^[m[K
[01m[K/home/inavarro/Desktop/workspace/VantTEC-CV/DarknetROS/src/darknet_ros/darknet/src/parser.c:1125:9:[m[K [01;35m[Kwarning: [m[Kignoring return value of ‘[01m[Kfread[m[K’, declared with attribute warn_unused_result [-Wunused-result]
         fread(l.rolling_variance, sizeof(float), l.n, fp);
[01;32m[K         ^[m[K
[01m[K/home/inavarro/Desktop/workspace/VantTEC-CV/DarknetROS/src/darknet_ros/darknet/src/parser.c:1131:9:[m[K [01;35m[Kwarning: [m[Kignoring return value of ‘[01m[Kfread[m[K’, declared with attribute warn_unused_result [-Wunused-result]
         fread(&mean, sizeof(float), 1, fp);
[01;32m[K         ^[m[K
[01m[K/home/inavarro/Desktop/workspace/VantTEC-CV/DarknetROS/src/darknet_ros/darknet/src/parser.c:1135:13:[m[K [01;35m[Kwarning: [m[Kignoring return value of ‘[01m[Kfread[m[K’, declared with attribute warn_unused_result [-Wunused-result]
             fread(&c, sizeof(char), 1, fp);
[01;32m[K             ^[m[K
[01m[K/home/inavarro/Desktop/workspace/VantTEC-CV/DarknetROS/src/darknet_ros/darknet/src/parser.c:[m[K In function ‘[01m[Kload_convolutional_weights[m[K’:
[01m[K/home/inavarro/Desktop/workspace/VantTEC-CV/DarknetROS/src/darknet_ros/darknet/src/parser.c:1156:5:[m[K [01;35m[Kwarning: [m[Kignoring return value of ‘[01m[Kfread[m[K’, declared with attribute warn_unused_result [-Wunused-result]
     fread(l.biases, sizeof(float), l.n, fp);
[01;32m[K     ^[m[K
[01m[K/home/inavarro/Desktop/workspace/VantTEC-CV/DarknetROS/src/darknet_ros/darknet/src/parser.c:1158:9:[m[K [01;35m[Kwarning: [m[Kignoring return value of ‘[01m[Kfread[m[K’, declared with attribute warn_unused_result [-Wunused-result]
         fread(l.scales, sizeof(float), l.n, fp);
[01;32m[K         ^[m[K
[01m[K/home/inavarro/Desktop/workspace/VantTEC-CV/DarknetROS/src/darknet_ros/darknet/src/parser.c:1159:9:[m[K [01;35m[Kwarning: [m[Kignoring return value of ‘[01m[Kfread[m[K’, declared with attribute warn_unused_result [-Wunused-result]
         fread(l.rolling_mean, sizeof(float), l.n, fp);
[01;32m[K         ^[m[K
[01m[K/home/inavarro/Desktop/workspace/VantTEC-CV/DarknetROS/src/darknet_ros/darknet/src/parser.c:1160:9:[m[K [01;35m[Kwarning: [m[Kignoring return value of ‘[01m[Kfread[m[K’, declared with attribute warn_unused_result [-Wunused-result]
         fread(l.rolling_variance, sizeof(float), l.n, fp);
[01;32m[K         ^[m[K
[01m[K/home/inavarro/Desktop/workspace/VantTEC-CV/DarknetROS/src/darknet_ros/darknet/src/parser.c:1188:5:[m[K [01;35m[Kwarning: [m[Kignoring return value of ‘[01m[Kfread[m[K’, declared with attribute warn_unused_result [-Wunused-result]
     fread(l.weights, sizeof(float), num, fp);
[01;32m[K     ^[m[K
[01m[K/home/inavarro/Desktop/workspace/VantTEC-CV/DarknetROS/src/darknet_ros/darknet/src/parser.c:[m[K In function ‘[01m[Kload_weights_upto[m[K’:
[01m[K/home/inavarro/Desktop/workspace/VantTEC-CV/DarknetROS/src/darknet_ros/darknet/src/parser.c:1217:5:[m[K [01;35m[Kwarning: [m[Kignoring return value of ‘[01m[Kfread[m[K’, declared with attribute warn_unused_result [-Wunused-result]
     fread(&major, sizeof(int), 1, fp);
[01;32m[K     ^[m[K
[01m[K/home/inavarro/Desktop/workspace/VantTEC-CV/DarknetROS/src/darknet_ros/darknet/src/parser.c:1218:5:[m[K [01;35m[Kwarning: [m[Kignoring return value of ‘[01m[Kfread[m[K’, declared with attribute warn_unused_result [-Wunused-result]
     fread(&minor, sizeof(int), 1, fp);
[01;32m[K     ^[m[K
[01m[K/home/inavarro/Desktop/workspace/VantTEC-CV/DarknetROS/src/darknet_ros/darknet/src/parser.c:1219:5:[m[K [01;35m[Kwarning: [m[Kignoring return value of ‘[01m[Kfread[m[K’, declared with attribute warn_unused_result [-Wunused-result]
     fread(&revision, sizeof(int), 1, fp);
[01;32m[K     ^[m[K
[01m[K/home/inavarro/Desktop/workspace/VantTEC-CV/DarknetROS/src/darknet_ros/darknet/src/parser.c:1221:9:[m[K [01;35m[Kwarning: [m[Kignoring return value of ‘[01m[Kfread[m[K’, declared with attribute warn_unused_result [-Wunused-result]
         fread(net->seen, sizeof(size_t), 1, fp);
[01;32m[K         ^[m[K
[01m[K/home/inavarro/Desktop/workspace/VantTEC-CV/DarknetROS/src/darknet_ros/darknet/src/parser.c:1224:9:[m[K [01;35m[Kwarning: [m[Kignoring return value of ‘[01m[Kfread[m[K’, declared with attribute warn_unused_result [-Wunused-result]
         fread(&iseen, sizeof(int), 1, fp);
[01;32m[K         ^[m[K
[01m[K/home/inavarro/Desktop/workspace/VantTEC-CV/DarknetROS/src/darknet_ros/darknet/src/parser.c:1279:13:[m[K [01;35m[Kwarning: [m[Kignoring return value of ‘[01m[Kfread[m[K’, declared with attribute warn_unused_result [-Wunused-result]
             fread(l.biases, sizeof(float), l.outputs, fp);
[01;32m[K             ^[m[K
[01m[K/home/inavarro/Desktop/workspace/VantTEC-CV/DarknetROS/src/darknet_ros/darknet/src/parser.c:1280:13:[m[K [01;35m[Kwarning: [m[Kignoring return value of ‘[01m[Kfread[m[K’, declared with attribute warn_unused_result [-Wunused-result]
             fread(l.weights, sizeof(float), size, fp);
[01;32m[K             ^[m[K
[01m[K/home/inavarro/Desktop/workspace/VantTEC-CV/DarknetROS/src/darknet_ros/darknet/src/data.c:[m[K In function ‘[01m[Kload_regression_labels_paths[m[K’:
[01m[K/home/inavarro/Desktop/workspace/VantTEC-CV/DarknetROS/src/darknet_ros/darknet/src/data.c:574:13:[m[K [01;35m[Kwarning: [m[Kignoring return value of ‘[01m[Kfscanf[m[K’, declared with attribute warn_unused_result [-Wunused-result]
             fscanf(file, "%f", &(y.vals[i][j]));
[01;32m[K             ^[m[K
[01m[K/home/inavarro/Desktop/workspace/VantTEC-CV/DarknetROS/src/darknet_ros/darknet/src/data.c:[m[K In function ‘[01m[Kload_cifar10_data[m[K’:
[01m[K/home/inavarro/Desktop/workspace/VantTEC-CV/DarknetROS/src/darknet_ros/darknet/src/data.c:1354:9:[m[K [01;35m[Kwarning: [m[Kignoring return value of ‘[01m[Kfread[m[K’, declared with attribute warn_unused_result [-Wunused-result]
         fread(bytes, 1, 3073, fp);
[01;32m[K         ^[m[K
[01m[K/home/inavarro/Desktop/workspace/VantTEC-CV/DarknetROS/src/darknet_ros/darknet/src/data.c:[m[K In function ‘[01m[Kload_all_cifar10[m[K’:
[01m[K/home/inavarro/Desktop/workspace/VantTEC-CV/DarknetROS/src/darknet_ros/darknet/src/data.c:1417:13:[m[K [01;35m[Kwarning: [m[Kignoring return value of ‘[01m[Kfread[m[K’, declared with attribute warn_unused_result [-Wunused-result]
             fread(bytes, 1, 3073, fp);
[01;32m[K             ^[m[K
[01m[K/home/inavarro/Desktop/workspace/VantTEC-CV/DarknetROS/src/darknet_ros/darknet/src/utils.c:[m[K In function ‘[01m[Kread_file[m[K’:
[01m[K/home/inavarro/Desktop/workspace/VantTEC-CV/DarknetROS/src/darknet_ros/darknet/src/utils.c:270:5:[m[K [01;35m[Kwarning: [m[Kignoring return value of ‘[01m[Kfread[m[K’, declared with attribute warn_unused_result [-Wunused-result]
     fread(text, 1, size, fp);
[01;32m[K     ^[m[K
[01m[K/home/inavarro/Desktop/workspace/VantTEC-CV/DarknetROS/src/darknet_ros/darknet/src/utils.c:[m[K In function ‘[01m[Kfgetl[m[K’:
[01m[K/home/inavarro/Desktop/workspace/VantTEC-CV/DarknetROS/src/darknet_ros/darknet/src/utils.c:358:9:[m[K [01;35m[Kwarning: [m[Kignoring return value of ‘[01m[Kfgets[m[K’, declared with attribute warn_unused_result [-Wunused-result]
         fgets(&line[curr], readsize, fp);
[01;32m[K         ^[m[K
[01m[K/home/inavarro/Desktop/workspace/VantTEC-CV/DarknetROS/src/darknet_ros/darknet/examples/go.c:[m[K In function ‘[01m[Kengine_go[m[K’:
[01m[K/home/inavarro/Desktop/workspace/VantTEC-CV/DarknetROS/src/darknet_ros/darknet/examples/go.c:844:9:[m[K [01;35m[Kwarning: [m[Kignoring return value of ‘[01m[Kscanf[m[K’, declared with attribute warn_unused_result [-Wunused-result]
         scanf("%s", buff);
[01;32m[K         ^[m[K
[01m[K/home/inavarro/Desktop/workspace/VantTEC-CV/DarknetROS/src/darknet_ros/darknet/examples/go.c:861:13:[m[K [01;35m[Kwarning: [m[Kignoring return value of ‘[01m[Kscanf[m[K’, declared with attribute warn_unused_result [-Wunused-result]
             scanf("%d %d %d", &main_time, &byo_yomi_time, &byo_yomi_stones);
[01;32m[K             ^[m[K
[01m[K/home/inavarro/Desktop/workspace/VantTEC-CV/DarknetROS/src/darknet_ros/darknet/examples/go.c:867:13:[m[K [01;35m[Kwarning: [m[Kignoring return value of ‘[01m[Kscanf[m[K’, declared with attribute warn_unused_result [-Wunused-result]
             scanf("%s %d %d", color, &time, &stones);
[01;32m[K             ^[m[K
[01m[K/home/inavarro/Desktop/workspace/VantTEC-CV/DarknetROS/src/darknet_ros/darknet/examples/go.c:884:13:[m[K [01;35m[Kwarning: [m[Kignoring return value of ‘[01m[Kscanf[m[K’, declared with attribute warn_unused_result [-Wunused-result]
             scanf("%s", comm);
[01;32m[K             ^[m[K
[01m[K/home/inavarro/Desktop/workspace/VantTEC-CV/DarknetROS/src/darknet_ros/darknet/examples/go.c:908:13:[m[K [01;35m[Kwarning: [m[Kignoring return value of ‘[01m[Kscanf[m[K’, declared with attribute warn_unused_result [-Wunused-result]
             scanf("%d", &boardsize);
[01;32m[K             ^[m[K
[01m[K/home/inavarro/Desktop/workspace/VantTEC-CV/DarknetROS/src/darknet_ros/darknet/examples/go.c:921:13:[m[K [01;35m[Kwarning: [m[Kignoring return value of ‘[01m[Kscanf[m[K’, declared with attribute warn_unused_result [-Wunused-result]
             scanf("%d", &handicap);
[01;32m[K             ^[m[K
[01m[K/home/inavarro/Desktop/workspace/VantTEC-CV/DarknetROS/src/darknet_ros/darknet/examples/go.c:938:13:[m[K [01;35m[Kwarning: [m[Kignoring return value of ‘[01m[Kscanf[m[K’, declared with attribute warn_unused_result [-Wunused-result]
             scanf("%f", &komi);
[01;32m[K             ^[m[K
[01m[K/home/inavarro/Desktop/workspace/VantTEC-CV/DarknetROS/src/darknet_ros/darknet/examples/go.c:949:17:[m[K [01;35m[Kwarning: [m[Kignoring return value of ‘[01m[Kscanf[m[K’, declared with attribute warn_unused_result [-Wunused-result]
                 scanf("%s ", color);
[01;32m[K                 ^[m[K
[01m[K/home/inavarro/Desktop/workspace/VantTEC-CV/DarknetROS/src/darknet_ros/darknet/examples/go.c:951:17:[m[K [01;35m[Kwarning: [m[Kignoring return value of ‘[01m[Kscanf[m[K’, declared with attribute warn_unused_result [-Wunused-result]
                 scanf(" ");
[01;32m[K                 ^[m[K
[01m[K/home/inavarro/Desktop/workspace/VantTEC-CV/DarknetROS/src/darknet_ros/darknet/examples/go.c:995:17:[m[K [01;35m[Kwarning: [m[Kignoring return value of ‘[01m[Kscanf[m[K’, declared with attribute warn_unused_result [-Wunused-result]
                 scanf("%s", color);
[01;32m[K                 ^[m[K
[01m[K/home/inavarro/Desktop/workspace/VantTEC-CV/DarknetROS/src/darknet_ros/darknet/examples/go.c:1043:13:[m[K [01;35m[Kwarning: [m[Kignoring return value of ‘[01m[Kscanf[m[K’, declared with attribute warn_unused_result [-Wunused-result]
             scanf("%s", type);
[01;32m[K             ^[m[K
[01m[K/home/inavarro/Desktop/workspace/VantTEC-CV/DarknetROS/src/darknet_ros/darknet/examples/go.c:1068:13:[m[K [01;35m[Kwarning: [m[Kignoring return value of ‘[01m[Kscanf[m[K’, declared with attribute warn_unused_result [-Wunused-result]
             scanf("%s", type);
[01;32m[K             ^[m[K
