[35m[1mScanning dependencies of target darknet_ros_msgs_generate_messages_cpp[0m
[  0%] Built target darknet_ros_msgs_generate_messages_cpp
[  2%] [34m[1mBuilding NVCC (Device) object CMakeFiles/darknet_ros_lib.dir/__/darknet/src/darknet_ros_lib_generated_activation_kernels.cu.o[0m
[  2%] [34m[1mBuilding NVCC (Device) object CMakeFiles/darknet_ros_lib.dir/__/darknet/src/darknet_ros_lib_generated_crop_layer_kernels.cu.o[0m
[  3%] [34m[1mBuilding NVCC (Device) object CMakeFiles/darknet_ros_lib.dir/__/darknet/src/darknet_ros_lib_generated_maxpool_layer_kernels.cu.o[0m
[  5%] [34m[1mBuilding NVCC (Device) object CMakeFiles/darknet_ros_lib.dir/__/darknet/src/darknet_ros_lib_generated_deconvolutional_kernels.cu.o[0m
[  6%] [34m[1mBuilding NVCC (Device) object CMakeFiles/darknet_ros_lib.dir/__/darknet/src/darknet_ros_lib_generated_avgpool_layer_kernels.cu.o[0m
[  7%] [34m[1mBuilding NVCC (Device) object CMakeFiles/darknet_ros_lib.dir/__/darknet/src/darknet_ros_lib_generated_dropout_layer_kernels.cu.o[0m
[  9%] [34m[1mBuilding NVCC (Device) object CMakeFiles/darknet_ros_lib.dir/__/darknet/src/darknet_ros_lib_generated_col2im_kernels.cu.o[0m
[ 10%] [34m[1mBuilding NVCC (Device) object CMakeFiles/darknet_ros_lib.dir/__/darknet/src/darknet_ros_lib_generated_blas_kernels.cu.o[0m
[ 11%] [34m[1mBuilding NVCC (Device) object CMakeFiles/darknet_ros_lib.dir/__/darknet/src/darknet_ros_lib_generated_im2col_kernels.cu.o[0m
[ 13%] [34m[1mBuilding NVCC (Device) object CMakeFiles/darknet_ros_lib.dir/__/darknet/src/darknet_ros_lib_generated_convolutional_kernels.cu.o[0m
[35m[1mScanning dependencies of target darknet_ros_lib[0m
[ 14%] [32mBuilding C object CMakeFiles/darknet_ros_lib.dir/src/image_interface.c.o[0m
[ 15%] [32mBuilding CXX object CMakeFiles/darknet_ros_lib.dir/src/YoloObjectDetector.cpp.o[0m
[ 17%] [32mBuilding C object CMakeFiles/darknet_ros_lib.dir/home/inavarro/Desktop/workspace/VantTEC-CV/DarknetROS/src/darknet_ros/darknet/src/image.c.o[0m
[ 18%] [32mBuilding C object CMakeFiles/darknet_ros_lib.dir/home/inavarro/Desktop/workspace/VantTEC-CV/DarknetROS/src/darknet_ros/darknet/src/im2col.c.o[0m
[ 19%] [32mBuilding C object CMakeFiles/darknet_ros_lib.dir/home/inavarro/Desktop/workspace/VantTEC-CV/DarknetROS/src/darknet_ros/darknet/src/avgpool_layer.c.o[0m
[ 21%] [32mBuilding C object CMakeFiles/darknet_ros_lib.dir/home/inavarro/Desktop/workspace/VantTEC-CV/DarknetROS/src/darknet_ros/darknet/src/activations.c.o[0m
[ 22%] [32mBuilding C object CMakeFiles/darknet_ros_lib.dir/home/inavarro/Desktop/workspace/VantTEC-CV/DarknetROS/src/darknet_ros/darknet/src/layer.c.o[0m
[ 23%] [32mBuilding C object CMakeFiles/darknet_ros_lib.dir/home/inavarro/Desktop/workspace/VantTEC-CV/DarknetROS/src/darknet_ros/darknet/src/activation_layer.c.o[0m
[ 25%] [32mBuilding C object CMakeFiles/darknet_ros_lib.dir/home/inavarro/Desktop/workspace/VantTEC-CV/DarknetROS/src/darknet_ros/darknet/src/batchnorm_layer.c.o[0m
[ 26%] [32mBuilding C object CMakeFiles/darknet_ros_lib.dir/home/inavarro/Desktop/workspace/VantTEC-CV/DarknetROS/src/darknet_ros/darknet/src/list.c.o[0m
[ 27%] [32mBuilding C object CMakeFiles/darknet_ros_lib.dir/home/inavarro/Desktop/workspace/VantTEC-CV/DarknetROS/src/darknet_ros/darknet/src/blas.c.o[0m
[ 28%] [32mBuilding C object CMakeFiles/darknet_ros_lib.dir/home/inavarro/Desktop/workspace/VantTEC-CV/DarknetROS/src/darknet_ros/darknet/src/local_layer.c.o[0m
[ 30%] [32mBuilding C object CMakeFiles/darknet_ros_lib.dir/home/inavarro/Desktop/workspace/VantTEC-CV/DarknetROS/src/darknet_ros/darknet/src/box.c.o[0m
[01m[K/home/inavarro/Desktop/workspace/VantTEC-CV/DarknetROS/src/darknet_ros/darknet/src/image.c:[m[K In function ‘[01m[Kload_image_cv[m[K’:
[01m[K/home/inavarro/Desktop/workspace/VantTEC-CV/DarknetROS/src/darknet_ros/darknet/src/image.c:636:9:[m[K [01;35m[Kwarning: [m[Kignoring return value of ‘[01m[Ksystem[m[K’, declared with attribute warn_unused_result [-Wunused-result]
         system(buff);
[01;32m[K         ^[m[K
[ 31%] [32mBuilding C object CMakeFiles/darknet_ros_lib.dir/home/inavarro/Desktop/workspace/VantTEC-CV/DarknetROS/src/darknet_ros/darknet/src/lstm_layer.c.o[0m
[ 32%] [32mBuilding C object CMakeFiles/darknet_ros_lib.dir/home/inavarro/Desktop/workspace/VantTEC-CV/DarknetROS/src/darknet_ros/darknet/src/col2im.c.o[0m
[ 34%] [32mBuilding C object CMakeFiles/darknet_ros_lib.dir/home/inavarro/Desktop/workspace/VantTEC-CV/DarknetROS/src/darknet_ros/darknet/src/matrix.c.o[0m
[ 35%] [32mBuilding C object CMakeFiles/darknet_ros_lib.dir/home/inavarro/Desktop/workspace/VantTEC-CV/DarknetROS/src/darknet_ros/darknet/src/connected_layer.c.o[0m
[ 36%] [32mBuilding C object CMakeFiles/darknet_ros_lib.dir/home/inavarro/Desktop/workspace/VantTEC-CV/DarknetROS/src/darknet_ros/darknet/src/maxpool_layer.c.o[0m
[ 38%] [32mBuilding C object CMakeFiles/darknet_ros_lib.dir/home/inavarro/Desktop/workspace/VantTEC-CV/DarknetROS/src/darknet_ros/darknet/src/convolutional_layer.c.o[0m
[ 39%] [32mBuilding C object CMakeFiles/darknet_ros_lib.dir/home/inavarro/Desktop/workspace/VantTEC-CV/DarknetROS/src/darknet_ros/darknet/src/network.c.o[0m
[ 40%] [32mBuilding C object CMakeFiles/darknet_ros_lib.dir/home/inavarro/Desktop/workspace/VantTEC-CV/DarknetROS/src/darknet_ros/darknet/src/cost_layer.c.o[0m
[ 42%] [32mBuilding C object CMakeFiles/darknet_ros_lib.dir/home/inavarro/Desktop/workspace/VantTEC-CV/DarknetROS/src/darknet_ros/darknet/src/normalization_layer.c.o[0m
[ 43%] [32mBuilding C object CMakeFiles/darknet_ros_lib.dir/home/inavarro/Desktop/workspace/VantTEC-CV/DarknetROS/src/darknet_ros/darknet/src/crnn_layer.c.o[0m
[ 44%] [32mBuilding C object CMakeFiles/darknet_ros_lib.dir/home/inavarro/Desktop/workspace/VantTEC-CV/DarknetROS/src/darknet_ros/darknet/src/crop_layer.c.o[0m
[ 46%] [32mBuilding C object CMakeFiles/darknet_ros_lib.dir/home/inavarro/Desktop/workspace/VantTEC-CV/DarknetROS/src/darknet_ros/darknet/src/option_list.c.o[0m
[ 47%] [32mBuilding C object CMakeFiles/darknet_ros_lib.dir/home/inavarro/Desktop/workspace/VantTEC-CV/DarknetROS/src/darknet_ros/darknet/src/parser.c.o[0m
[ 48%] [32mBuilding C object CMakeFiles/darknet_ros_lib.dir/home/inavarro/Desktop/workspace/VantTEC-CV/DarknetROS/src/darknet_ros/darknet/src/cuda.c.o[0m
[ 50%] [32mBuilding C object CMakeFiles/darknet_ros_lib.dir/home/inavarro/Desktop/workspace/VantTEC-CV/DarknetROS/src/darknet_ros/darknet/src/region_layer.c.o[0m
[ 51%] [32mBuilding C object CMakeFiles/darknet_ros_lib.dir/home/inavarro/Desktop/workspace/VantTEC-CV/DarknetROS/src/darknet_ros/darknet/src/data.c.o[0m
[01m[K/home/inavarro/Desktop/workspace/VantTEC-CV/DarknetROS/src/darknet_ros/darknet/src/parser.c:[m[K In function ‘[01m[Kload_connected_weights[m[K’:
[01m[K/home/inavarro/Desktop/workspace/VantTEC-CV/DarknetROS/src/darknet_ros/darknet/src/parser.c:1085:5:[m[K [01;35m[Kwarning: [m[Kignoring return value of ‘[01m[Kfread[m[K’, declared with attribute warn_unused_result [-Wunused-result]
     fread(l.biases, sizeof(float), l.outputs, fp);
[01;32m[K     ^[m[K
[01m[K/home/inavarro/Desktop/workspace/VantTEC-CV/DarknetROS/src/darknet_ros/darknet/src/parser.c:1086:5:[m[K [01;35m[Kwarning: [m[Kignoring return value of ‘[01m[Kfread[m[K’, declared with attribute warn_unused_result [-Wunused-result]
     fread(l.weights, sizeof(float), l.outputs*l.inputs, fp);
[01;32m[K     ^[m[K
[01m[K/home/inavarro/Desktop/workspace/VantTEC-CV/DarknetROS/src/darknet_ros/darknet/src/parser.c:1093:9:[m[K [01;35m[Kwarning: [m[Kignoring return value of ‘[01m[Kfread[m[K’, declared with attribute warn_unused_result [-Wunused-result]
         fread(l.scales, sizeof(float), l.outputs, fp);
[01;32m[K         ^[m[K
[01m[K/home/inavarro/Desktop/workspace/VantTEC-CV/DarknetROS/src/darknet_ros/darknet/src/parser.c:1094:9:[m[K [01;35m[Kwarning: [m[Kignoring return value of ‘[01m[Kfread[m[K’, declared with attribute warn_unused_result [-Wunused-result]
         fread(l.rolling_mean, sizeof(float), l.outputs, fp);
[01;32m[K         ^[m[K
[01m[K/home/inavarro/Desktop/workspace/VantTEC-CV/DarknetROS/src/darknet_ros/darknet/src/parser.c:1095:9:[m[K [01;35m[Kwarning: [m[Kignoring return value of ‘[01m[Kfread[m[K’, declared with attribute warn_unused_result [-Wunused-result]
         fread(l.rolling_variance, sizeof(float), l.outputs, fp);
[01;32m[K         ^[m[K
[01m[K/home/inavarro/Desktop/workspace/VantTEC-CV/DarknetROS/src/darknet_ros/darknet/src/parser.c:[m[K In function ‘[01m[Kload_batchnorm_weights[m[K’:
[01m[K/home/inavarro/Desktop/workspace/VantTEC-CV/DarknetROS/src/darknet_ros/darknet/src/parser.c:1109:5:[m[K [01;35m[Kwarning: [m[Kignoring return value of ‘[01m[Kfread[m[K’, declared with attribute warn_unused_result [-Wunused-result]
     fread(l.scales, sizeof(float), l.c, fp);
[01;32m[K     ^[m[K
[01m[K/home/inavarro/Desktop/workspace/VantTEC-CV/DarknetROS/src/darknet_ros/darknet/src/parser.c:1110:5:[m[K [01;35m[Kwarning: [m[Kignoring return value of ‘[01m[Kfread[m[K’, declared with attribute warn_unused_result [-Wunused-result]
     fread(l.rolling_mean, sizeof(float), l.c, fp);
[01;32m[K     ^[m[K
[01m[K/home/inavarro/Desktop/workspace/VantTEC-CV/DarknetROS/src/darknet_ros/darknet/src/parser.c:1111:5:[m[K [01;35m[Kwarning: [m[Kignoring return value of ‘[01m[Kfread[m[K’, declared with attribute warn_unused_result [-Wunused-result]
     fread(l.rolling_variance, sizeof(float), l.c, fp);
[01;32m[K     ^[m[K
[01m[K/home/inavarro/Desktop/workspace/VantTEC-CV/DarknetROS/src/darknet_ros/darknet/src/parser.c:[m[K In function ‘[01m[Kload_convolutional_weights_binary[m[K’:
[01m[K/home/inavarro/Desktop/workspace/VantTEC-CV/DarknetROS/src/darknet_ros/darknet/src/parser.c:1121:5:[m[K [01;35m[Kwarning: [m[Kignoring return value of ‘[01m[Kfread[m[K’, declared with attribute warn_unused_result [-Wunused-result]
     fread(l.biases, sizeof(float), l.n, fp);
[01;32m[K     ^[m[K
[01m[K/home/inavarro/Desktop/workspace/VantTEC-CV/DarknetROS/src/darknet_ros/darknet/src/parser.c:1123:9:[m[K [01;35m[Kwarning: [m[Kignoring return value of ‘[01m[Kfread[m[K’, declared with attribute warn_unused_result [-Wunused-result]
         fread(l.scales, sizeof(float), l.n, fp);
[01;32m[K         ^[m[K
[01m[K/home/inavarro/Desktop/workspace/VantTEC-CV/DarknetROS/src/darknet_ros/darknet/src/parser.c:1124:9:[m[K [01;35m[Kwarning: [m[Kignoring return value of ‘[01m[Kfread[m[K’, declared with attribute warn_unused_result [-Wunused-result]
         fread(l.rolling_mean, sizeof(float), l.n, fp);
[01;32m[K         ^[m[K
[01m[K/home/inavarro/Desktop/workspace/VantTEC-CV/DarknetROS/src/darknet_ros/darknet/src/parser.c:1125:9:[m[K [01;35m[Kwarning: [m[Kignoring return value of ‘[01m[Kfread[m[K’, declared with attribute warn_unused_result [-Wunused-result]
         fread(l.rolling_variance, sizeof(float), l.n, fp);
[01;32m[K         ^[m[K
[01m[K/home/inavarro/Desktop/workspace/VantTEC-CV/DarknetROS/src/darknet_ros/darknet/src/parser.c:1131:9:[m[K [01;35m[Kwarning: [m[Kignoring return value of ‘[01m[Kfread[m[K’, declared with attribute warn_unused_result [-Wunused-result]
         fread(&mean, sizeof(float), 1, fp);
[01;32m[K         ^[m[K
[01m[K/home/inavarro/Desktop/workspace/VantTEC-CV/DarknetROS/src/darknet_ros/darknet/src/parser.c:1135:13:[m[K [01;35m[Kwarning: [m[Kignoring return value of ‘[01m[Kfread[m[K’, declared with attribute warn_unused_result [-Wunused-result]
             fread(&c, sizeof(char), 1, fp);
[01;32m[K             ^[m[K
[01m[K/home/inavarro/Desktop/workspace/VantTEC-CV/DarknetROS/src/darknet_ros/darknet/src/parser.c:[m[K In function ‘[01m[Kload_convolutional_weights[m[K’:
[01m[K/home/inavarro/Desktop/workspace/VantTEC-CV/DarknetROS/src/darknet_ros/darknet/src/parser.c:1156:5:[m[K [01;35m[Kwarning: [m[Kignoring return value of ‘[01m[Kfread[m[K’, declared with attribute warn_unused_result [-Wunused-result]
     fread(l.biases, sizeof(float), l.n, fp);
[01;32m[K     ^[m[K
[01m[K/home/inavarro/Desktop/workspace/VantTEC-CV/DarknetROS/src/darknet_ros/darknet/src/parser.c:1158:9:[m[K [01;35m[Kwarning: [m[Kignoring return value of ‘[01m[Kfread[m[K’, declared with attribute warn_unused_result [-Wunused-result]
         fread(l.scales, sizeof(float), l.n, fp);
[01;32m[K         ^[m[K
[01m[K/home/inavarro/Desktop/workspace/VantTEC-CV/DarknetROS/src/darknet_ros/darknet/src/parser.c:1159:9:[m[K [01;35m[Kwarning: [m[Kignoring return value of ‘[01m[Kfread[m[K’, declared with attribute warn_unused_result [-Wunused-result]
         fread(l.rolling_mean, sizeof(float), l.n, fp);
[01;32m[K         ^[m[K
[01m[K/home/inavarro/Desktop/workspace/VantTEC-CV/DarknetROS/src/darknet_ros/darknet/src/parser.c:1160:9:[m[K [01;35m[Kwarning: [m[Kignoring return value of ‘[01m[Kfread[m[K’, declared with attribute warn_unused_result [-Wunused-result]
         fread(l.rolling_variance, sizeof(float), l.n, fp);
[01;32m[K         ^[m[K
[01m[K/home/inavarro/Desktop/workspace/VantTEC-CV/DarknetROS/src/darknet_ros/darknet/src/parser.c:1188:5:[m[K [01;35m[Kwarning: [m[Kignoring return value of ‘[01m[Kfread[m[K’, declared with attribute warn_unused_result [-Wunused-result]
     fread(l.weights, sizeof(float), num, fp);
[01;32m[K     ^[m[K
[01m[K/home/inavarro/Desktop/workspace/VantTEC-CV/DarknetROS/src/darknet_ros/darknet/src/parser.c:[m[K In function ‘[01m[Kload_weights_upto[m[K’:
[01m[K/home/inavarro/Desktop/workspace/VantTEC-CV/DarknetROS/src/darknet_ros/darknet/src/parser.c:1217:5:[m[K [01;35m[Kwarning: [m[Kignoring return value of ‘[01m[Kfread[m[K’, declared with attribute warn_unused_result [-Wunused-result]
     fread(&major, sizeof(int), 1, fp);
[01;32m[K     ^[m[K
[01m[K/home/inavarro/Desktop/workspace/VantTEC-CV/DarknetROS/src/darknet_ros/darknet/src/parser.c:1218:5:[m[K [01;35m[Kwarning: [m[Kignoring return value of ‘[01m[Kfread[m[K’, declared with attribute warn_unused_result [-Wunused-result]
     fread(&minor, sizeof(int), 1, fp);
[01;32m[K     ^[m[K
[01m[K/home/inavarro/Desktop/workspace/VantTEC-CV/DarknetROS/src/darknet_ros/darknet/src/parser.c:1219:5:[m[K [01;35m[Kwarning: [m[Kignoring return value of ‘[01m[Kfread[m[K’, declared with attribute warn_unused_result [-Wunused-result]
     fread(&revision, sizeof(int), 1, fp);
[01;32m[K     ^[m[K
[01m[K/home/inavarro/Desktop/workspace/VantTEC-CV/DarknetROS/src/darknet_ros/darknet/src/parser.c:1221:9:[m[K [01;35m[Kwarning: [m[Kignoring return value of ‘[01m[Kfread[m[K’, declared with attribute warn_unused_result [-Wunused-result]
         fread(net->seen, sizeof(size_t), 1, fp);
[01;32m[K         ^[m[K
[01m[K/home/inavarro/Desktop/workspace/VantTEC-CV/DarknetROS/src/darknet_ros/darknet/src/parser.c:1224:9:[m[K [01;35m[Kwarning: [m[Kignoring return value of ‘[01m[Kfread[m[K’, declared with attribute warn_unused_result [-Wunused-result]
         fread(&iseen, sizeof(int), 1, fp);
[01;32m[K         ^[m[K
[01m[K/home/inavarro/Desktop/workspace/VantTEC-CV/DarknetROS/src/darknet_ros/darknet/src/parser.c:1279:13:[m[K [01;35m[Kwarning: [m[Kignoring return value of ‘[01m[Kfread[m[K’, declared with attribute warn_unused_result [-Wunused-result]
             fread(l.biases, sizeof(float), l.outputs, fp);
[01;32m[K             ^[m[K
[01m[K/home/inavarro/Desktop/workspace/VantTEC-CV/DarknetROS/src/darknet_ros/darknet/src/parser.c:1280:13:[m[K [01;35m[Kwarning: [m[Kignoring return value of ‘[01m[Kfread[m[K’, declared with attribute warn_unused_result [-Wunused-result]
             fread(l.weights, sizeof(float), size, fp);
[01;32m[K             ^[m[K
[01m[K/home/inavarro/Desktop/workspace/VantTEC-CV/DarknetROS/src/darknet_ros/darknet/src/data.c:[m[K In function ‘[01m[Kload_regression_labels_paths[m[K’:
[01m[K/home/inavarro/Desktop/workspace/VantTEC-CV/DarknetROS/src/darknet_ros/darknet/src/data.c:574:13:[m[K [01;35m[Kwarning: [m[Kignoring return value of ‘[01m[Kfscanf[m[K’, declared with attribute warn_unused_result [-Wunused-result]
             fscanf(file, "%f", &(y.vals[i][j]));
[01;32m[K             ^[m[K
[01m[K/home/inavarro/Desktop/workspace/VantTEC-CV/DarknetROS/src/darknet_ros/darknet/src/data.c:[m[K In function ‘[01m[Kload_cifar10_data[m[K’:
[01m[K/home/inavarro/Desktop/workspace/VantTEC-CV/DarknetROS/src/darknet_ros/darknet/src/data.c:1354:9:[m[K [01;35m[Kwarning: [m[Kignoring return value of ‘[01m[Kfread[m[K’, declared with attribute warn_unused_result [-Wunused-result]
         fread(bytes, 1, 3073, fp);
[01;32m[K         ^[m[K
[01m[K/home/inavarro/Desktop/workspace/VantTEC-CV/DarknetROS/src/darknet_ros/darknet/src/data.c:[m[K In function ‘[01m[Kload_all_cifar10[m[K’:
[01m[K/home/inavarro/Desktop/workspace/VantTEC-CV/DarknetROS/src/darknet_ros/darknet/src/data.c:1417:13:[m[K [01;35m[Kwarning: [m[Kignoring return value of ‘[01m[Kfread[m[K’, declared with attribute warn_unused_result [-Wunused-result]
             fread(bytes, 1, 3073, fp);
[01;32m[K             ^[m[K
[ 52%] [32mBuilding C object CMakeFiles/darknet_ros_lib.dir/home/inavarro/Desktop/workspace/VantTEC-CV/DarknetROS/src/darknet_ros/darknet/src/reorg_layer.c.o[0m
[ 53%] [32mBuilding C object CMakeFiles/darknet_ros_lib.dir/home/inavarro/Desktop/workspace/VantTEC-CV/DarknetROS/src/darknet_ros/darknet/src/deconvolutional_layer.c.o[0m
[ 55%] [32mBuilding C object CMakeFiles/darknet_ros_lib.dir/home/inavarro/Desktop/workspace/VantTEC-CV/DarknetROS/src/darknet_ros/darknet/src/rnn_layer.c.o[0m
[ 56%] [32mBuilding C object CMakeFiles/darknet_ros_lib.dir/home/inavarro/Desktop/workspace/VantTEC-CV/DarknetROS/src/darknet_ros/darknet/src/demo.c.o[0m
[ 57%] [32mBuilding C object CMakeFiles/darknet_ros_lib.dir/home/inavarro/Desktop/workspace/VantTEC-CV/DarknetROS/src/darknet_ros/darknet/src/route_layer.c.o[0m
[ 59%] [32mBuilding C object CMakeFiles/darknet_ros_lib.dir/home/inavarro/Desktop/workspace/VantTEC-CV/DarknetROS/src/darknet_ros/darknet/src/detection_layer.c.o[0m
[ 60%] [32mBuilding C object CMakeFiles/darknet_ros_lib.dir/home/inavarro/Desktop/workspace/VantTEC-CV/DarknetROS/src/darknet_ros/darknet/src/shortcut_layer.c.o[0m
[ 61%] [32mBuilding C object CMakeFiles/darknet_ros_lib.dir/home/inavarro/Desktop/workspace/VantTEC-CV/DarknetROS/src/darknet_ros/darknet/src/dropout_layer.c.o[0m
[ 63%] [32mBuilding C object CMakeFiles/darknet_ros_lib.dir/home/inavarro/Desktop/workspace/VantTEC-CV/DarknetROS/src/darknet_ros/darknet/src/softmax_layer.c.o[0m
[ 64%] [32mBuilding C object CMakeFiles/darknet_ros_lib.dir/home/inavarro/Desktop/workspace/VantTEC-CV/DarknetROS/src/darknet_ros/darknet/src/gemm.c.o[0m
[ 65%] [32mBuilding C object CMakeFiles/darknet_ros_lib.dir/home/inavarro/Desktop/workspace/VantTEC-CV/DarknetROS/src/darknet_ros/darknet/src/tree.c.o[0m
[ 67%] [32mBuilding C object CMakeFiles/darknet_ros_lib.dir/home/inavarro/Desktop/workspace/VantTEC-CV/DarknetROS/src/darknet_ros/darknet/src/gru_layer.c.o[0m
[ 68%] [32mBuilding C object CMakeFiles/darknet_ros_lib.dir/home/inavarro/Desktop/workspace/VantTEC-CV/DarknetROS/src/darknet_ros/darknet/src/utils.c.o[0m
[ 69%] [32mBuilding C object CMakeFiles/darknet_ros_lib.dir/home/inavarro/Desktop/workspace/VantTEC-CV/DarknetROS/src/darknet_ros/darknet/src/upsample_layer.c.o[0m
[ 71%] [32mBuilding C object CMakeFiles/darknet_ros_lib.dir/home/inavarro/Desktop/workspace/VantTEC-CV/DarknetROS/src/darknet_ros/darknet/src/logistic_layer.c.o[0m
[01m[K/home/inavarro/Desktop/workspace/VantTEC-CV/DarknetROS/src/darknet_ros/darknet/src/utils.c:[m[K In function ‘[01m[Kread_file[m[K’:
[01m[K/home/inavarro/Desktop/workspace/VantTEC-CV/DarknetROS/src/darknet_ros/darknet/src/utils.c:270:5:[m[K [01;35m[Kwarning: [m[Kignoring return value of ‘[01m[Kfread[m[K’, declared with attribute warn_unused_result [-Wunused-result]
     fread(text, 1, size, fp);
[01;32m[K     ^[m[K
[01m[K/home/inavarro/Desktop/workspace/VantTEC-CV/DarknetROS/src/darknet_ros/darknet/src/utils.c:[m[K In function ‘[01m[Kfgetl[m[K’:
[01m[K/home/inavarro/Desktop/workspace/VantTEC-CV/DarknetROS/src/darknet_ros/darknet/src/utils.c:358:9:[m[K [01;35m[Kwarning: [m[Kignoring return value of ‘[01m[Kfgets[m[K’, declared with attribute warn_unused_result [-Wunused-result]
         fgets(&line[curr], readsize, fp);
[01;32m[K         ^[m[K
[ 72%] [32mBuilding C object CMakeFiles/darknet_ros_lib.dir/home/inavarro/Desktop/workspace/VantTEC-CV/DarknetROS/src/darknet_ros/darknet/src/l2norm_layer.c.o[0m
[ 73%] [32mBuilding C object CMakeFiles/darknet_ros_lib.dir/home/inavarro/Desktop/workspace/VantTEC-CV/DarknetROS/src/darknet_ros/darknet/src/yolo_layer.c.o[0m
[ 75%] [32mBuilding C object CMakeFiles/darknet_ros_lib.dir/home/inavarro/Desktop/workspace/VantTEC-CV/DarknetROS/src/darknet_ros/darknet/examples/art.c.o[0m
[ 76%] [32mBuilding C object CMakeFiles/darknet_ros_lib.dir/home/inavarro/Desktop/workspace/VantTEC-CV/DarknetROS/src/darknet_ros/darknet/examples/lsd.c.o[0m
[ 77%] [32mBuilding C object CMakeFiles/darknet_ros_lib.dir/home/inavarro/Desktop/workspace/VantTEC-CV/DarknetROS/src/darknet_ros/darknet/examples/attention.c.o[0m
[ 78%] [32mBuilding C object CMakeFiles/darknet_ros_lib.dir/home/inavarro/Desktop/workspace/VantTEC-CV/DarknetROS/src/darknet_ros/darknet/examples/nightmare.c.o[0m
[ 80%] [32mBuilding C object CMakeFiles/darknet_ros_lib.dir/home/inavarro/Desktop/workspace/VantTEC-CV/DarknetROS/src/darknet_ros/darknet/examples/regressor.c.o[0m
[ 81%] [32mBuilding C object CMakeFiles/darknet_ros_lib.dir/home/inavarro/Desktop/workspace/VantTEC-CV/DarknetROS/src/darknet_ros/darknet/examples/captcha.c.o[0m
[ 82%] [32mBuilding C object CMakeFiles/darknet_ros_lib.dir/home/inavarro/Desktop/workspace/VantTEC-CV/DarknetROS/src/darknet_ros/darknet/examples/cifar.c.o[0m
[ 84%] [32mBuilding C object CMakeFiles/darknet_ros_lib.dir/home/inavarro/Desktop/workspace/VantTEC-CV/DarknetROS/src/darknet_ros/darknet/examples/rnn.c.o[0m
[ 85%] [32mBuilding C object CMakeFiles/darknet_ros_lib.dir/home/inavarro/Desktop/workspace/VantTEC-CV/DarknetROS/src/darknet_ros/darknet/examples/classifier.c.o[0m
[ 86%] [32mBuilding C object CMakeFiles/darknet_ros_lib.dir/home/inavarro/Desktop/workspace/VantTEC-CV/DarknetROS/src/darknet_ros/darknet/examples/segmenter.c.o[0m
[ 88%] [32mBuilding C object CMakeFiles/darknet_ros_lib.dir/home/inavarro/Desktop/workspace/VantTEC-CV/DarknetROS/src/darknet_ros/darknet/examples/coco.c.o[0m
[ 89%] [32mBuilding C object CMakeFiles/darknet_ros_lib.dir/home/inavarro/Desktop/workspace/VantTEC-CV/DarknetROS/src/darknet_ros/darknet/examples/super.c.o[0m
[ 90%] [32mBuilding C object CMakeFiles/darknet_ros_lib.dir/home/inavarro/Desktop/workspace/VantTEC-CV/DarknetROS/src/darknet_ros/darknet/examples/darknet.c.o[0m
[ 92%] [32mBuilding C object CMakeFiles/darknet_ros_lib.dir/home/inavarro/Desktop/workspace/VantTEC-CV/DarknetROS/src/darknet_ros/darknet/examples/tag.c.o[0m
[ 93%] [32mBuilding C object CMakeFiles/darknet_ros_lib.dir/home/inavarro/Desktop/workspace/VantTEC-CV/DarknetROS/src/darknet_ros/darknet/examples/detector.c.o[0m
[ 94%] [32mBuilding C object CMakeFiles/darknet_ros_lib.dir/home/inavarro/Desktop/workspace/VantTEC-CV/DarknetROS/src/darknet_ros/darknet/examples/yolo.c.o[0m
[ 96%] [32mBuilding C object CMakeFiles/darknet_ros_lib.dir/home/inavarro/Desktop/workspace/VantTEC-CV/DarknetROS/src/darknet_ros/darknet/examples/go.c.o[0m
[01m[K/home/inavarro/Desktop/workspace/VantTEC-CV/DarknetROS/src/darknet_ros/darknet/examples/go.c:[m[K In function ‘[01m[Kengine_go[m[K’:
[01m[K/home/inavarro/Desktop/workspace/VantTEC-CV/DarknetROS/src/darknet_ros/darknet/examples/go.c:844:9:[m[K [01;35m[Kwarning: [m[Kignoring return value of ‘[01m[Kscanf[m[K’, declared with attribute warn_unused_result [-Wunused-result]
         scanf("%s", buff);
[01;32m[K         ^[m[K
[01m[K/home/inavarro/Desktop/workspace/VantTEC-CV/DarknetROS/src/darknet_ros/darknet/examples/go.c:861:13:[m[K [01;35m[Kwarning: [m[Kignoring return value of ‘[01m[Kscanf[m[K’, declared with attribute warn_unused_result [-Wunused-result]
             scanf("%d %d %d", &main_time, &byo_yomi_time, &byo_yomi_stones);
[01;32m[K             ^[m[K
[01m[K/home/inavarro/Desktop/workspace/VantTEC-CV/DarknetROS/src/darknet_ros/darknet/examples/go.c:867:13:[m[K [01;35m[Kwarning: [m[Kignoring return value of ‘[01m[Kscanf[m[K’, declared with attribute warn_unused_result [-Wunused-result]
             scanf("%s %d %d", color, &time, &stones);
[01;32m[K             ^[m[K
[01m[K/home/inavarro/Desktop/workspace/VantTEC-CV/DarknetROS/src/darknet_ros/darknet/examples/go.c:884:13:[m[K [01;35m[Kwarning: [m[Kignoring return value of ‘[01m[Kscanf[m[K’, declared with attribute warn_unused_result [-Wunused-result]
             scanf("%s", comm);
[01;32m[K             ^[m[K
[01m[K/home/inavarro/Desktop/workspace/VantTEC-CV/DarknetROS/src/darknet_ros/darknet/examples/go.c:908:13:[m[K [01;35m[Kwarning: [m[Kignoring return value of ‘[01m[Kscanf[m[K’, declared with attribute warn_unused_result [-Wunused-result]
             scanf("%d", &boardsize);
[01;32m[K             ^[m[K
[01m[K/home/inavarro/Desktop/workspace/VantTEC-CV/DarknetROS/src/darknet_ros/darknet/examples/go.c:921:13:[m[K [01;35m[Kwarning: [m[Kignoring return value of ‘[01m[Kscanf[m[K’, declared with attribute warn_unused_result [-Wunused-result]
             scanf("%d", &handicap);
[01;32m[K             ^[m[K
[01m[K/home/inavarro/Desktop/workspace/VantTEC-CV/DarknetROS/src/darknet_ros/darknet/examples/go.c:938:13:[m[K [01;35m[Kwarning: [m[Kignoring return value of ‘[01m[Kscanf[m[K’, declared with attribute warn_unused_result [-Wunused-result]
             scanf("%f", &komi);
[01;32m[K             ^[m[K
[01m[K/home/inavarro/Desktop/workspace/VantTEC-CV/DarknetROS/src/darknet_ros/darknet/examples/go.c:949:17:[m[K [01;35m[Kwarning: [m[Kignoring return value of ‘[01m[Kscanf[m[K’, declared with attribute warn_unused_result [-Wunused-result]
                 scanf("%s ", color);
[01;32m[K                 ^[m[K
[01m[K/home/inavarro/Desktop/workspace/VantTEC-CV/DarknetROS/src/darknet_ros/darknet/examples/go.c:951:17:[m[K [01;35m[Kwarning: [m[Kignoring return value of ‘[01m[Kscanf[m[K’, declared with attribute warn_unused_result [-Wunused-result]
                 scanf(" ");
[01;32m[K                 ^[m[K
[01m[K/home/inavarro/Desktop/workspace/VantTEC-CV/DarknetROS/src/darknet_ros/darknet/examples/go.c:995:17:[m[K [01;35m[Kwarning: [m[Kignoring return value of ‘[01m[Kscanf[m[K’, declared with attribute warn_unused_result [-Wunused-result]
                 scanf("%s", color);
[01;32m[K                 ^[m[K
[01m[K/home/inavarro/Desktop/workspace/VantTEC-CV/DarknetROS/src/darknet_ros/darknet/examples/go.c:1043:13:[m[K [01;35m[Kwarning: [m[Kignoring return value of ‘[01m[Kscanf[m[K’, declared with attribute warn_unused_result [-Wunused-result]
             scanf("%s", type);
[01;32m[K             ^[m[K
[01m[K/home/inavarro/Desktop/workspace/VantTEC-CV/DarknetROS/src/darknet_ros/darknet/examples/go.c:1068:13:[m[K [01;35m[Kwarning: [m[Kignoring return value of ‘[01m[Kscanf[m[K’, declared with attribute warn_unused_result [-Wunused-result]
             scanf("%s", type);
[01;32m[K             ^[m[K
[ 97%] [32m[1mLinking CXX shared library /home/inavarro/Desktop/workspace/VantTEC-CV/DarknetROS/devel/.private/darknet_ros/lib/libdarknet_ros_lib.so[0m
[ 97%] Built target darknet_ros_lib
[35m[1mScanning dependencies of target darknet_ros[0m
[ 98%] [32mBuilding CXX object CMakeFiles/darknet_ros.dir/src/yolo_object_detector_node.cpp.o[0m
[100%] [32m[1mLinking CXX executable /home/inavarro/Desktop/workspace/VantTEC-CV/DarknetROS/devel/.private/darknet_ros/lib/darknet_ros/darknet_ros[0m
[100%] Built target darknet_ros
